{
  "0 debug pnpm:scope": {
    "selected": 1
  },
  "1 error pnpm": {
    "code": "ELIFECYCLE",
    "errno": "ENOENT",
    "syscall": "spawn",
    "file": "sh",
    "pkgid": "slidev@",
    "stage": "dev",
    "script": "slidev --open",
    "pkgname": "slidev",
    "err": {
      "name": "pnpm",
      "message": "slidev@ dev: `slidev --open`\nspawn ENOENT",
      "code": "ELIFECYCLE",
      "stack": "pnpm: slidev@ dev: `slidev --open`\nspawn ENOENT\n    at ChildProcess.<anonymous> (/Users/yangwao/pnpm-global/5/node_modules/.pnpm/pnpm@7.5.0/node_modules/pnpm/dist/pnpm.cjs:95169:22)\n    at ChildProcess.emit (node:events:526:28)\n    at maybeClose (node:internal/child_process:1092:16)\n    at Process.ChildProcess._handle.onexit (node:internal/child_process:302:5)"
    }
  },
  "2 warn pnpm:global": " Local package.json exists, but node_modules missing, did you mean to install?"
}